\BOOKMARK [0][-]{dummy.1}{\376\377\000A\000b\000s\000t\000r\000a\000c\000t}{}% 1
\BOOKMARK [0][-]{dummy.2}{\376\377\000C\000o\000n\000t\000e\000n\000t\000s}{}% 2
\BOOKMARK [0][-]{dummy.4}{\376\377\000L\000i\000s\000t\000\040\000o\000f\000\040\000F\000i\000g\000u\000r\000e\000s}{}% 3
\BOOKMARK [0][-]{chapter.6}{\376\377\0001\000\040\000R\000e\000l\000a\000t\000e\000d\000\040\000W\000o\000r\000k}{}% 4
\BOOKMARK [1][-]{section.7}{\376\377\0001\000.\0001\000\040\000O\000v\000e\000r\000v\000i\000e\000w}{chapter.6}% 5
\BOOKMARK [1][-]{section.8}{\376\377\0001\000.\0002\000\040\000R\000e\000c\000u\000r\000r\000e\000n\000t\000\040\000N\000e\000u\000r\000a\000l\000\040\000N\000e\000t\000w\000o\000r\000k}{chapter.6}% 6
\BOOKMARK [1][-]{section.10}{\376\377\0001\000.\0003\000\040\000H\000e\000s\000s\000i\000a\000n\000\040\000F\000r\000e\000e\000\040\000O\000p\000t\000i\000m\000i\000z\000a\000t\000i\000o\000n}{chapter.6}% 7
\BOOKMARK [1][-]{section.12}{\376\377\0001\000.\0004\000\040\000T\000e\000x\000t\000\040\000a\000n\000d\000\040\000P\000o\000l\000y\000p\000h\000o\000n\000i\000c\000\040\000M\000u\000s\000i\000c\000\040\000G\000e\000n\000e\000r\000a\000t\000i\000o\000n\000\040\000u\000s\000i\000n\000g\000\040\000R\000e\000c\000u\000r\000r\000e\000n\000t\000\040\000N\000e\000u\000r\000a\000l\000\040\000N\000e\000t\000w\000o\000r\000k\000s}{chapter.6}% 8
\BOOKMARK [1][-]{section.15}{\376\377\0001\000.\0005\000\040\000T\000r\000a\000i\000n\000i\000n\000g\000\040\000R\000e\000s\000t\000r\000i\000c\000t\000e\000d\000\040\000B\000o\000l\000t\000z\000m\000a\000n\000\040\000M\000a\000c\000h\000i\000n\000e\000s\000\040\000u\000n\000s\000i\000n\000g\000\040\000c\000o\000n\000s\000t\000r\000a\000s\000t\000i\000v\000e\000\040\000d\000i\000v\000e\000r\000g\000e\000n\000c\000e\000.}{chapter.6}% 9
\BOOKMARK [0][-]{chapter.18}{\376\377\0002\000\040\000\040\000S\000t\000u\000d\000y\000\040\000o\000f\000\040\000t\000h\000e\000\040\000i\000n\000t\000e\000r\000n\000a\000l\000\040\000s\000t\000r\000u\000c\000t\000u\000r\000e\000\040\000o\000f\000\040\000a\000\040\000p\000r\000e\000v\000i\000o\000u\000s\000l\000y\000\040\000t\000r\000a\000i\000n\000e\000d\000\040\000R\000e\000c\000u\000r\000r\000e\000n\000t\000\040\000N\000e\000u\000r\000a\000l\000\040\000N\000e\000t\000w\000o\000r\000k}{}% 10
\BOOKMARK [1][-]{section.19}{\376\377\0002\000.\0001\000\040\000M\000o\000t\000i\000v\000a\000t\000i\000o\000n}{chapter.18}% 11
\BOOKMARK [1][-]{section.20}{\376\377\0002\000.\0002\000\040\000E\000x\000p\000e\000r\000i\000m\000e\000n\000t}{chapter.18}% 12
\BOOKMARK [2][-]{subsection.21}{\376\377\0002\000.\0002\000.\0001\000\040\000P\000r\000o\000b\000l\000e\000m}{section.20}% 13
\BOOKMARK [2][-]{subsection.22}{\376\377\0002\000.\0002\000.\0002\000\040\000P\000l\000o\000t\000\040\000o\000f\000\040\000t\000h\000e\000\040\000R\000N\000N}{section.20}% 14
\BOOKMARK [2][-]{subsection.25}{\376\377\0002\000.\0002\000.\0003\000\040\000W\000e\000i\000g\000h\000t\000\040\000d\000i\000s\000t\000r\000i\000b\000u\000t\000i\000o\000n}{section.20}% 15
\BOOKMARK [2][-]{subsection.28}{\376\377\0002\000.\0002\000.\0004\000\040\000S\000u\000m\000s\000\040\000o\000f\000\040\000w\000e\000i\000g\000h\000t\000s}{section.20}% 16
\BOOKMARK [2][-]{subsection.31}{\376\377\0002\000.\0002\000.\0005\000\040\000R\000e\000m\000o\000v\000i\000n\000g\000\040\000n\000e\000u\000r\000o\000n\000s\000\040\000o\000f\000\040\000t\000h\000e\000\040\000n\000e\000t\000w\000o\000r\000k\000.}{section.20}% 17
\BOOKMARK [0][-]{chapter.33}{\376\377\0003\000\040\000\040\000S\000e\000l\000f\000-\000G\000r\000o\000w\000i\000n\000g\000\040\000R\000e\000c\000u\000r\000r\000e\000n\000t\000\040\000N\000e\000u\000r\000a\000l\000\040\000N\000e\000t\000w\000o\000r\000k}{}% 18
\BOOKMARK [1][-]{section.34}{\376\377\0003\000.\0001\000\040\000I\000n\000t\000r\000o\000d\000u\000c\000t\000i\000o\000n}{chapter.33}% 19
\BOOKMARK [1][-]{section.35}{\376\377\0003\000.\0002\000\040\000S\000G\000R\000N\000N}{chapter.33}% 20
\BOOKMARK [2][-]{subsection.45}{\376\377\0003\000.\0002\000.\0001\000\040\000I\000m\000p\000l\000e\000m\000e\000n\000t\000a\000t\000i\000o\000n\000\040\000o\000f\000\040\000t\000h\000e\000\040\000H\000e\000s\000s\000i\000a\000n\000\040\000F\000r\000e\000e\000\040\000O\000p\000t\000i\000m\000i\000z\000a\000t\000i\000o\000n\000\040\000s\000t\000e\000p}{section.35}% 21
\BOOKMARK [2][-]{subsection.46}{\376\377\0003\000.\0002\000.\0002\000\040\000W\000e\000i\000g\000h\000t\000s\000\040\000I\000n\000i\000t\000i\000a\000l\000i\000z\000a\000t\000i\000o\000n}{section.35}% 22
\BOOKMARK [2][-]{subsection.48}{\376\377\0003\000.\0002\000.\0003\000\040\000E\000v\000o\000l\000u\000t\000i\000o\000n\000\040\000S\000t\000e\000p}{section.35}% 23
\BOOKMARK [2][-]{subsection.49}{\376\377\0003\000.\0002\000.\0004\000\040\000R\000e\000o\000r\000d\000e\000r\000i\000n\000g\000\040\000S\000t\000e\000p}{section.35}% 24
\BOOKMARK [0][-]{dummy.50}{\376\377\000B\000i\000b\000l\000i\000o\000g\000r\000a\000p\000h\000y}{}% 25
